<?xml version="1.0" encoding="UTF-8"?>
<!-- Generated by org.testng.reporters.JUnitReportReporter -->
<testsuite hostname="EC2AMAZ-S11DBRH" failures="0" tests="2" name="runner.tagged" time="0.203" errors="0" timestamp="12 Feb 2024 06:41:40 GMT" skipped="0">
  <testcase classname="runner.tagged" name="runScenario" time="0.015"/>
  <testcase classname="runner.tagged" name="runScenario" time="0.188"/>
</testsuite> <!-- runner.tagged -->
