<?xml version="1.0" encoding="UTF-8"?>
<!-- Generated by org.testng.reporters.JUnitReportReporter -->
<testsuite hostname="EC2AMAZ-S11DBRH" failures="0" tests="2" name="runner.addExample" time="0.159" errors="0" timestamp="12 Feb 2024 06:10:08 GMT" skipped="0">
  <testcase classname="runner.addExample" name="runScenario" time="0.009"/>
  <testcase classname="runner.addExample" name="runScenario" time="0.150"/>
</testsuite> <!-- runner.addExample -->
