<?xml version="1.0" encoding="UTF-8"?>
<!-- Generated by org.testng.reporters.JUnitReportReporter -->
<testsuite hostname="EC2AMAZ-S11DBRH" failures="0" tests="1" name="runner.add" time="0.167" errors="0" timestamp="12 Feb 2024 05:00:14 GMT" skipped="0">
  <testcase classname="runner.add" name="runScenario" time="0.167"/>
</testsuite> <!-- runner.add -->
