<?xml version="1.0" encoding="UTF-8"?>
<!-- Generated by org.testng.reporters.JUnitReportReporter -->
<testsuite hostname="EC2AMAZ-S11DBRH" failures="0" tests="2" name="runner.googleSearch" time="10.495" errors="0" timestamp="12 Feb 2024 14:57:17 GMT" skipped="0">
  <testcase classname="runner.googleSearch" name="runScenario" time="4.809"/>
  <testcase classname="runner.googleSearch" name="runScenario" time="5.686"/>
</testsuite> <!-- runner.googleSearch -->
